[17:58:29] [ServerMain/INFO]: Environment: Environment[sessionHost=https://sessionserver.mojang.com, servicesHost=https://api.minecraftservices.com, name=PROD]
[17:58:32] [ServerMain/INFO]: Loaded 7 recipes
[17:58:33] [ServerMain/INFO]: Loaded 1271 advancements
[17:58:33] [Server thread/INFO]: Starting minecraft server version 1.20.4
[17:58:33] [Server thread/INFO]: Loading properties
[17:58:33] [Server thread/INFO]: Default game type: SURVIVAL
[17:58:33] [Server thread/INFO]: Generating keypair
[17:58:34] [Server thread/INFO]: Starting Minecraft server on *:25565
[17:58:34] [Server thread/INFO]: Using epoll channel type
[17:58:34] [Server thread/WARN]: **** SERVER IS RUNNING IN OFFLINE/INSECURE MODE!
[17:58:34] [Server thread/WARN]: The server will make no attempt to authenticate usernames. Beware.
[17:58:34] [Server thread/WARN]: While this makes the game possible to play without internet access, it also opens up the ability for hackers to connect with any username they choose.
[17:58:34] [Server thread/WARN]: To change this, set "online-mode" to "true" in the server.properties file.
[17:58:34] [Server thread/INFO]: Preparing level "world"
[17:58:41] [Server thread/INFO]: Preparing start region for dimension minecraft:overworld
[17:58:45] [Worker-Main-1/INFO]: Preparing spawn area: 0%
[17:58:45] [Worker-Main-1/INFO]: Preparing spawn area: 0%
[17:58:45] [Worker-Main-1/INFO]: Preparing spawn area: 0%
[17:58:45] [Worker-Main-1/INFO]: Preparing spawn area: 0%
[17:58:45] [Worker-Main-1/INFO]: Preparing spawn area: 0%
[17:58:45] [Worker-Main-1/INFO]: Preparing spawn area: 0%
[17:58:45] [Worker-Main-1/INFO]: Preparing spawn area: 0%
[17:58:45] [Worker-Main-1/INFO]: Preparing spawn area: 0%
[17:58:45] [Worker-Main-1/INFO]: Preparing spawn area: 0%
[17:58:46] [Worker-Main-1/INFO]: Preparing spawn area: 0%
[17:58:46] [Worker-Main-1/INFO]: Preparing spawn area: 0%
[17:58:47] [Worker-Main-1/INFO]: Preparing spawn area: 0%
[17:58:47] [Worker-Main-1/INFO]: Preparing spawn area: 0%
[17:58:48] [Worker-Main-1/INFO]: Preparing spawn area: 0%
[17:58:48] [Server thread/INFO]: Time elapsed: 7161 ms
[17:58:48] [Server thread/INFO]: Done (14.270s)! For help, type "help"
[17:58:48] [Server thread/INFO]: Stopping the server
[17:58:48] [Server thread/INFO]: Stopping server
[17:58:48] [Server thread/INFO]: Saving players
[17:58:48] [Server thread/INFO]: Saving worlds
[17:58:51] [Server thread/INFO]: Saving chunks for level 'ServerLevel[world]'/minecraft:overworld
[17:59:17] [Server thread/INFO]: Saving chunks for level 'ServerLevel[world]'/minecraft:the_end
[17:59:17] [Server thread/INFO]: Saving chunks for level 'ServerLevel[world]'/minecraft:the_nether
[17:59:17] [Server thread/INFO]: ThreadedAnvilChunkStorage (world): All chunks are saved
[17:59:17] [Server thread/INFO]: ThreadedAnvilChunkStorage (DIM1): All chunks are saved
[17:59:17] [Server thread/INFO]: ThreadedAnvilChunkStorage (DIM-1): All chunks are saved
[17:59:17] [Server thread/INFO]: ThreadedAnvilChunkStorage: All dimensions are saved
